<?xml version="1.0" encoding="UTF-8"?>
<!-- Generated by org.testng.reporters.JUnitReportReporter -->
<testsuite skipped="0" hostname="XIPL9394" name="TestPage.RS_PracticeLoginPageTest" tests="2" failures="0" timestamp="2021-11-09T15:14:12 IST" time="0.372" errors="0">
  <testcase name="verifytermsandconditionText" time="0.041" classname="TestPage.RS_PracticeLoginPageTest"/>
  <system-out/>
  <testcase name="Loginto_PractiePage" time="0.331" classname="TestPage.RS_PracticeLoginPageTest"/>
  <system-out/>
</testsuite> <!-- TestPage.RS_PracticeLoginPageTest -->
