<?xml version="1.0" encoding="UTF-8"?>
<!-- Generated by org.testng.reporters.JUnitReportReporter -->
<testsuite skipped="0" hostname="XIPL9394" name="TestPage.RSQ_GreenKartPageTest" tests="1" failures="0" timestamp="2021-10-19T17:00:37 IST" time="22.875" errors="0">
  <testcase name="verifyVeggieSelection" time="22.875" classname="TestPage.RSQ_GreenKartPageTest"/>
  <system-out/>
</testsuite> <!-- TestPage.RSQ_GreenKartPageTest -->
