<?xml version="1.0" encoding="UTF-8"?>
<!-- Generated by org.testng.reporters.JUnitReportReporter -->
<testsuite skipped="2" hostname="XIPL9394" name="TestPage.RS_HomePageTest" tests="2" failures="0" timestamp="2021-10-03T09:24:37 IST" time="0.000" errors="0">
  <testcase name="verifyHomePage" time="0.000" classname="TestPage.RS_HomePageTest">
    <skipped/>
  </testcase> <!-- verifyHomePage -->
  <system-out/>
  <testcase name="clickingonLoginTab" time="0.000" classname="TestPage.RS_HomePageTest">
    <skipped/>
  </testcase> <!-- clickingonLoginTab -->
  <system-out/>
</testsuite> <!-- TestPage.RS_HomePageTest -->
